android/app/build/intermediates/manifest_merge_blame_file/debug/manifest-merger-blame-debug-report.txt
1<?xml version="1.0" encoding="utf-8"?>
2<manifest xmlns:android="http://schemas.android.com/apk/res/android"
3    package="com.battleofmonstersrn"
4    android:versionCode="1"
5    android:versionName="1.0" >
6
7    <uses-sdk
8        android:minSdkVersion="23"
9        android:targetSdkVersion="34" />
10
11    <uses-permission android:name="android.permission.SYSTEM_ALERT_WINDOW" />
11-->src/debug/AndroidManifest.xml:5:5-77
11-->src/debug/AndroidManifest.xml:5:22-75
12    <uses-permission android:name="android.permission.INTERNET" />
12-->src/main/AndroidManifest.xml:3:5-67
12-->src/main/AndroidManifest.xml:3:22-64
13
14    <permission
14-->[androidx.core:core:1.9.0] AndroidManifest.xml:22:5-24:47
15        android:name="com.battleofmonstersrn.DYNAMIC_RECEIVER_NOT_EXPORTED_PERMISSION"
15-->[androidx.core:core:1.9.0] AndroidManifest.xml:23:9-81
16        android:protectionLevel="signature" />
16-->[androidx.core:core:1.9.0] AndroidManifest.xml:24:9-44
17
18    <uses-permission android:name="com.battleofmonstersrn.DYNAMIC_RECEIVER_NOT_EXPORTED_PERMISSION" />
18-->[androidx.core:core:1.9.0] AndroidManifest.xml:26:5-97
18-->[androidx.core:core:1.9.0] AndroidManifest.xml:26:22-94
19
20    <application
20-->src/main/AndroidManifest.xml:5:5-25:19
21        android:name="com.battleofmonstersrn.MainApplication"
21-->src/main/AndroidManifest.xml:6:7-38
22        android:allowBackup="false"
22-->src/main/AndroidManifest.xml:10:7-34
23        android:appComponentFactory="androidx.core.app.CoreComponentFactory"
23-->[androidx.core:core:1.9.0] AndroidManifest.xml:28:18-86
24        android:debuggable="true"
25        android:extractNativeLibs="false"
26        android:icon="@mipmap/ic_launcher"
26-->src/main/AndroidManifest.xml:8:7-41
27        android:label="@string/app_name"
27-->src/main/AndroidManifest.xml:7:7-39
28        android:networkSecurityConfig="@xml/network_security_config"
28-->src/main/AndroidManifest.xml:12:7-67
29        android:roundIcon="@mipmap/ic_launcher_round"
29-->src/main/AndroidManifest.xml:9:7-52
30        android:theme="@style/AppTheme"
30-->src/main/AndroidManifest.xml:11:7-38
31        android:usesCleartextTraffic="true" >
31-->src/debug/AndroidManifest.xml:8:9-44
32        <activity
32-->src/main/AndroidManifest.xml:13:7-24:18
33            android:name="com.battleofmonstersrn.MainActivity"
33-->src/main/AndroidManifest.xml:14:9-37
34            android:configChanges="keyboard|keyboardHidden|orientation|screenLayout|screenSize|smallestScreenSize|uiMode"
34-->src/main/AndroidManifest.xml:16:9-118
35            android:exported="true"
35-->src/main/AndroidManifest.xml:19:9-32
36            android:label="@string/app_name"
36-->src/main/AndroidManifest.xml:15:9-41
37            android:launchMode="singleTask"
37-->src/main/AndroidManifest.xml:17:9-40
38            android:windowSoftInputMode="adjustResize" >
38-->src/main/AndroidManifest.xml:18:9-51
39            <intent-filter>
39-->src/main/AndroidManifest.xml:20:9-23:25
40                <action android:name="android.intent.action.MAIN" />
40-->src/main/AndroidManifest.xml:21:13-65
40-->src/main/AndroidManifest.xml:21:21-62
41
42                <category android:name="android.intent.category.LAUNCHER" />
42-->src/main/AndroidManifest.xml:22:13-73
42-->src/main/AndroidManifest.xml:22:23-70
43            </intent-filter>
44        </activity>
45        <activity
45-->[com.facebook.react:react-android:0.74.1] AndroidManifest.xml:19:9-21:40
46            android:name="com.facebook.react.devsupport.DevSettingsActivity"
46-->[com.facebook.react:react-android:0.74.1] AndroidManifest.xml:20:13-77
47            android:exported="false" />
47-->[com.facebook.react:react-android:0.74.1] AndroidManifest.xml:21:13-37
48
49        <provider
49-->[androidx.emoji2:emoji2:1.2.0] AndroidManifest.xml:24:9-32:20
50            android:name="androidx.startup.InitializationProvider"
50-->[androidx.emoji2:emoji2:1.2.0] AndroidManifest.xml:25:13-67
51            android:authorities="com.battleofmonstersrn.androidx-startup"
51-->[androidx.emoji2:emoji2:1.2.0] AndroidManifest.xml:26:13-68
52            android:exported="false" >
52-->[androidx.emoji2:emoji2:1.2.0] AndroidManifest.xml:27:13-37
53            <meta-data
53-->[androidx.emoji2:emoji2:1.2.0] AndroidManifest.xml:29:13-31:52
54                android:name="androidx.emoji2.text.EmojiCompatInitializer"
54-->[androidx.emoji2:emoji2:1.2.0] AndroidManifest.xml:30:17-75
55                android:value="androidx.startup" />
55-->[androidx.emoji2:emoji2:1.2.0] AndroidManifest.xml:31:17-49
56            <meta-data
56-->[androidx.lifecycle:lifecycle-process:2.4.1] AndroidManifest.xml:31:13-33:52
57                android:name="androidx.lifecycle.ProcessLifecycleInitializer"
57-->[androidx.lifecycle:lifecycle-process:2.4.1] AndroidManifest.xml:32:17-78
58                android:value="androidx.startup" />
58-->[androidx.lifecycle:lifecycle-process:2.4.1] AndroidManifest.xml:33:17-49
59        </provider>
60
61        <meta-data
61-->[com.facebook.soloader:soloader:0.10.5] AndroidManifest.xml:12:9-14:37
62            android:name="com.facebook.soloader.enabled"
62-->[com.facebook.soloader:soloader:0.10.5] AndroidManifest.xml:13:13-57
63            android:value="false" />
63-->[com.facebook.soloader:soloader:0.10.5] AndroidManifest.xml:14:13-34
64    </application>
65
66</manifest>